成都铁皮人科技有限公司是一家基于移动互联网下的新媒体动漫公司。旗下子公司：成都铁皮人美术有限公司是一个拥有众多艺术家的创作团队。公司专精于儿童图书的研发和创作。产品涵盖儿童立体书、绘本、知识百科、益智玩具、漫画等多种类型，出版童书300余部。
2652.intro
382.intro
1003.intro
634.intro
914.intro
1630.intro
1608.intro
2689.intro
893.intro
2262.intro
759.intro
442.intro
440.intro
978.intro
1660.intro
1920.intro
3086.intro
3201.intro
579.intro
3123.intro
2335.intro
1507.intro
1210.intro
717.intro
2025.intro
3175.intro
1978.intro
2686.intro
[<div id="cke_pastebin">
<div id="cke_pastebin">
		云南水务投资股份有限公司（简称“云南水务”）成立于2011年6月21日，是经云南省政府批准设立的国有企业，是省政府授权的城镇污水处理设施建设和运营管理的投融资主体，是省级水务投资项目的出资人代表及实施机构。</div>
<div id="cke_pastebin">
		 云南水务将利用自身优势，紧密结合云南实际、紧密结合国家与云南区域的水务产业政策，围绕绿色经济强省、民族文化强省和中国面向西南开放的桥头堡战略目标， 以调整经济结构、 转变发展方式为主线， 以加大产业培植力度、 加快产业发展为重点，以改革开放和科技创新为动力，以改善民生为目的；进一步优化区域经济布局、加快社会建设的整体推进；加强生态建设、环境保护，为建设美丽城市环境，提升人居环境品质，云南水务还全面参与城市供排水、城市生态修复、河道整治、流域水环境治理、整治、园林景观及绿化等基础设施的投资建设和运营工作，力求实现从原水保护到再生水利用、从工程建设到项目运营的全产业链运作的“大水务”经营理念，积极发挥国有水务企业的市场主渠道作用。</div>
</div>, <div id="cke_pastebin">
		云南水务投资股份有限公司（简称“云南水务”）成立于2011年6月21日，是经云南省政府批准设立的国有企业，是省政府授权的城镇污水处理设施建设和运营管理的投融资主体，是省级水务投资项目的出资人代表及实施机构。</div>, <div id="cke_pastebin">
		 云南水务将利用自身优势，紧密结合云南实际、紧密结合国家与云南区域的水务产业政策，围绕绿色经济强省、民族文化强省和中国面向西南开放的桥头堡战略目标， 以调整经济结构、 转变发展方式为主线， 以加大产业培植力度、 加快产业发展为重点，以改革开放和科技创新为动力，以改善民生为目的；进一步优化区域经济布局、加快社会建设的整体推进；加强生态建设、环境保护，为建设美丽城市环境，提升人居环境品质，云南水务还全面参与城市供排水、城市生态修复、河道整治、流域水环境治理、整治、园林景观及绿化等基础设施的投资建设和运营工作，力求实现从原水保护到再生水利用、从工程建设到项目运营的全产业链运作的“大水务”经营理念，积极发挥国有水务企业的市场主渠道作用。</div>]
458.intro
646.intro
2639.intro
2727.intro
279.intro
[<div id="cke_pastebin">
<div id="cke_pastebin">
		上海狸猫网络科技有限公司成立于2011年，致力于以自主原创为根本，研发最优秀好玩的网游。</div>
<div id="cke_pastebin">
		上海狸猫现主要基于自主研发的matrix游戏引擎为平台开发各类客户端网络游戏，推出了《无尽英雄》、《第三把剑》等网络游戏产品。以U3D、cocos游戏引擎为平台开发各类移动端网络游戏、即将推出《project-w》、《project-y》等网络游戏产品。</div>
</div>, <div id="cke_pastebin">
		上海狸猫网络科技有限公司成立于2011年，致力于以自主原创为根本，研发最优秀好玩的网游。</div>, <div id="cke_pastebin">
		上海狸猫现主要基于自主研发的matrix游戏引擎为平台开发各类客户端网络游戏，推出了《无尽英雄》、《第三把剑》等网络游戏产品。以U3D、cocos游戏引擎为平台开发各类移动端网络游戏、即将推出《project-w》、《project-y》等网络游戏产品。</div>]
2266.intro
42.intro
1311.intro
857.intro
1741.intro
1282.intro
2098.intro
2132.intro
103.intro
3120.intro
1030.intro
2325.intro
[<div id="cke_pastebin">
<div id="cke_pastebin">
		 金诚信矿业管理股份有限公司是一家集有色金属矿山、黑色金属矿山和化工矿山工程建设、采矿运营管理、矿山设计与技术研发等业务为一体的专业性管理服务企业。公司拥有矿山工程施工总承包壹级资质和对外承包工程资格，控股子公司云南金诚信力合矿山工程设计院有限公司拥有冶金矿山工程专业设计甲级资质。 </div>
<div id="cke_pastebin">
		金诚信股份注册资本金为2.80亿元，在境内外设有4家全资子公司、3家控股子公司、5家分公司及1家省级研发中心。公司拥有一支高素质、高水平的专业技术、管理人才队伍，现有中外籍员工共3900余人，其中硕士及以上学历120余人，高级及以上职称人员80余人。 </div>
<div id="cke_pastebin">
		 金诚信股份拥有各类矿山施工、采矿设备及科研试验仪器4200余台（套），并在北京、昆明和赞比亚设有无轨设备维修基地和备件供应中心，为公司大型化、深部化、无轨化、数字化、智能化、生态化矿山的规划、设计、建设、运营系统化服务能力的充分发挥提供坚实的装备保障。</div>
</div>, <div id="cke_pastebin">
		 金诚信矿业管理股份有限公司是一家集有色金属矿山、黑色金属矿山和化工矿山工程建设、采矿运营管理、矿山设计与技术研发等业务为一体的专业性管理服务企业。公司拥有矿山工程施工总承包壹级资质和对外承包工程资格，控股子公司云南金诚信力合矿山工程设计院有限公司拥有冶金矿山工程专业设计甲级资质。 </div>, <div id="cke_pastebin">
		金诚信股份注册资本金为2.80亿元，在境内外设有4家全资子公司、3家控股子公司、5家分公司及1家省级研发中心。公司拥有一支高素质、高水平的专业技术、管理人才队伍，现有中外籍员工共3900余人，其中硕士及以上学历120余人，高级及以上职称人员80余人。 </div>, <div id="cke_pastebin">
		 金诚信股份拥有各类矿山施工、采矿设备及科研试验仪器4200余台（套），并在北京、昆明和赞比亚设有无轨设备维修基地和备件供应中心，为公司大型化、深部化、无轨化、数字化、智能化、生态化矿山的规划、设计、建设、运营系统化服务能力的充分发挥提供坚实的装备保障。</div>]
2999.intro
1179.intro
[<div id="cke_pastebin">
<div id="cke_pastebin">
		领团（www.lingtuan.com亦称领团网、团购导航网、团购导航网.com、领团网），是由北京领团科技有限责任公司创立的专业团购导航网站。 收录全国1500家团购网站及其团购信息，并进行分类整理，为团购消费者提供方便快捷的团购导航、搜索、比较、点评、维权服务，是众多团购爱好者的首选。为团购消费者提供方便快捷的团购消费一站式体验，并提供可靠的团购监管体系。</div>
</div>, <div id="cke_pastebin">
		领团（www.lingtuan.com亦称领团网、团购导航网、团购导航网.com、领团网），是由北京领团科技有限责任公司创立的专业团购导航网站。 收录全国1500家团购网站及其团购信息，并进行分类整理，为团购消费者提供方便快捷的团购导航、搜索、比较、点评、维权服务，是众多团购爱好者的首选。为团购消费者提供方便快捷的团购消费一站式体验，并提供可靠的团购监管体系。</div>]
3149.intro
2258.intro
966.intro
614.intro
[<div id="cke_pastebin">
	上海三强致力于制药，食品和饮料，化妆品及化工等行业的流体工艺工程解决方案。上海三强企业集团股份有限公司由上海三强工程技术有限公司、上海三强容器南通有限公司，上海三强南通制药设备有限公司组成。2012年营业额为3000万美元，在职员工450人。</div>, <div id="cke_pastebin">
<div id="cke_pastebin">
		公司提供：不锈钢压力容器：设计和制造多种不锈钢容器和设备，包括搅拌罐，储罐，哈氏合金罐，冷凝器，搅拌器，粉体设备，换热器。模块化工艺系统：三强将模块化概念运用到了众多领域，覆盖了流体加工工艺生产线的所有方面，即从单一的模块到实验室模块，以及预先内置的多模块化工艺生产线。完整的EPC总包项目：提供工艺生产线的交钥匙解决方案，根据客户的具体要求，负责从一开始的概念设计到最终调试的完成。</div>
</div>, <div id="cke_pastebin">
		公司提供：不锈钢压力容器：设计和制造多种不锈钢容器和设备，包括搅拌罐，储罐，哈氏合金罐，冷凝器，搅拌器，粉体设备，换热器。模块化工艺系统：三强将模块化概念运用到了众多领域，覆盖了流体加工工艺生产线的所有方面，即从单一的模块到实验室模块，以及预先内置的多模块化工艺生产线。完整的EPC总包项目：提供工艺生产线的交钥匙解决方案，根据客户的具体要求，负责从一开始的概念设计到最终调试的完成。</div>]
159.intro
3124.intro
1793.intro
2259.intro
735.intro
2941.intro
1740.intro
1233.intro
1075.intro
1118.intro
101.intro
2725.intro
1429.intro
1699.intro
2472.intro
2089.intro
2115.intro
[<div id="cke_pastebin">
	格瓦拉生活网（<a href="http://www.gewara.com">www.gewara.com</a>，简称Gewara）创建于2008年，隶属于上海格瓦商务信息咨询有限公司，格瓦拉生活网致力于用数字网络来补充现实生活，为广大消费者提供衣食住行之外的精彩城市生活服务，是国内第一家融合信息资讯、用户社区和商家互动的生活网络平台。目前Gewara包括电影院、KTV、健身房、酒吧和运动场所等生活平台，不但提供商家的名称、地址、电话、图片等基本资讯，还融合了电影院排片表、健身房课程表、KTV价格表、酒吧活动等动态信息，同时用户也可以针对商家或者针对电影、活动等进行评论评价、活动组织以及生活安排。</div>]
1926.intro
3053.intro
1912.intro
1779.intro
